  [1m[35m (5.0ms)[0m  [1m[34mSELECT sqlite_version(*)[0m
  [1m[35m (2.2ms)[0m  [1m[35mCREATE TABLE "schema_migrations" ("version" varchar NOT NULL PRIMARY KEY)[0m
  [1m[35m (1.3ms)[0m  [1m[35mCREATE TABLE "ar_internal_metadata" ("key" varchar NOT NULL PRIMARY KEY, "value" varchar, "created_at" datetime(6) NOT NULL, "updated_at" datetime(6) NOT NULL)[0m
  [1m[36mActiveRecord::SchemaMigration Pluck (0.4ms)[0m  [1m[34mSELECT "schema_migrations"."version" FROM "schema_migrations" ORDER BY "schema_migrations"."version" ASC[0m
Migrating to CreateUsers (20220124223311)
  [1m[36mTRANSACTION (0.1ms)[0m  [1m[36mbegin transaction[0m
  [1m[35m (0.6ms)[0m  [1m[35mCREATE TABLE "users" ("id" integer PRIMARY KEY AUTOINCREMENT NOT NULL, "name" varchar, "email" varchar, "age" integer, "gender" varchar, "created_at" datetime(6) NOT NULL, "updated_at" datetime(6) NOT NULL)[0m
  [1m[36mActiveRecord::SchemaMigration Create (0.2ms)[0m  [1m[32mINSERT INTO "schema_migrations" ("version") VALUES (?)[0m  [["version", "20220124223311"]]
  [1m[36mTRANSACTION (1.2ms)[0m  [1m[36mcommit transaction[0m
Migrating to CreatePosts (20220124223350)
  [1m[36mTRANSACTION (0.1ms)[0m  [1m[36mbegin transaction[0m
  [1m[35m (1.2ms)[0m  [1m[35mCREATE TABLE "posts" ("id" integer PRIMARY KEY AUTOINCREMENT NOT NULL, "title" varchar, "description" varchar, "created_at" datetime(6) NOT NULL, "updated_at" datetime(6) NOT NULL)[0m
  [1m[36mActiveRecord::SchemaMigration Create (0.2ms)[0m  [1m[32mINSERT INTO "schema_migrations" ("version") VALUES (?)[0m  [["version", "20220124223350"]]
  [1m[36mTRANSACTION (3.8ms)[0m  [1m[36mcommit transaction[0m
Migrating to UpdateUsersTable (20220124223449)
  [1m[36mTRANSACTION (0.1ms)[0m  [1m[36mbegin transaction[0m
  [1m[35m (0.5ms)[0m  [1m[35mALTER TABLE "user" ADD "phone_number" number[0m
  [1m[36mTRANSACTION (0.1ms)[0m  [1m[31mrollback transaction[0m
  [1m[35m (1.5ms)[0m  [1m[34mSELECT sqlite_version(*)[0m
  [1m[36mActiveRecord::SchemaMigration Pluck (0.5ms)[0m  [1m[34mSELECT "schema_migrations"."version" FROM "schema_migrations" ORDER BY "schema_migrations"."version" ASC[0m
Migrating to UpdateUsersTable (20220124223449)
  [1m[36mTRANSACTION (0.1ms)[0m  [1m[36mbegin transaction[0m
  [1m[35m (0.8ms)[0m  [1m[35mALTER TABLE "users" ADD "phone_number" number[0m
  [1m[36mActiveRecord::SchemaMigration Create (0.9ms)[0m  [1m[32mINSERT INTO "schema_migrations" ("version") VALUES (?)[0m  [["version", "20220124223449"]]
  [1m[36mTRANSACTION (1.1ms)[0m  [1m[36mcommit transaction[0m
  [1m[36mActiveRecord::InternalMetadata Load (0.6ms)[0m  [1m[34mSELECT "ar_internal_metadata".* FROM "ar_internal_metadata" WHERE "ar_internal_metadata"."key" = ? LIMIT ?[0m  [["key", "environment"], ["LIMIT", 1]]
  [1m[36mTRANSACTION (0.1ms)[0m  [1m[36mbegin transaction[0m
  [1m[36mActiveRecord::InternalMetadata Create (1.6ms)[0m  [1m[32mINSERT INTO "ar_internal_metadata" ("key", "value", "created_at", "updated_at") VALUES (?, ?, ?, ?)[0m  [["key", "environment"], ["value", "development"], ["created_at", "2022-01-24 22:42:53.528682"], ["updated_at", "2022-01-24 22:42:53.528682"]]
  [1m[36mTRANSACTION (1.1ms)[0m  [1m[36mcommit transaction[0m
  [1m[35m (0.0ms)[0m  [1m[34mSELECT sqlite_version(*)[0m
  [1m[36mActiveRecord::SchemaMigration Pluck (0.1ms)[0m  [1m[34mSELECT "schema_migrations"."version" FROM "schema_migrations" ORDER BY "schema_migrations"."version" ASC[0m
  [1m[35m (1.7ms)[0m  [1m[34mSELECT sqlite_version(*)[0m
  [1m[36mUser Load (0.5ms)[0m  [1m[34mSELECT "users".* FROM "users"[0m
  [1m[36mTRANSACTION (0.1ms)[0m  [1m[36mbegin transaction[0m
  [1m[36mUser Create (1.0ms)[0m  [1m[32mINSERT INTO "users" ("name", "email", "age", "gender", "created_at", "updated_at", "phone_number") VALUES (?, ?, ?, ?, ?, ?, ?)[0m  [["name", "almaha"], ["email", "almaha@mail.com"], ["age", 22], ["gender", "female"], ["created_at", "2022-01-24 22:54:24.690304"], ["updated_at", "2022-01-24 22:54:24.690304"], ["phone_number", nil]]
  [1m[36mTRANSACTION (1.0ms)[0m  [1m[36mcommit transaction[0m
  [1m[36mUser Load (0.2ms)[0m  [1m[34mSELECT "users".* FROM "users"[0m
  [1m[36mTRANSACTION (0.1ms)[0m  [1m[36mbegin transaction[0m
  [1m[36mUser Create (0.8ms)[0m  [1m[32mINSERT INTO "users" ("name", "email", "age", "gender", "created_at", "updated_at", "phone_number") VALUES (?, ?, ?, ?, ?, ?, ?)[0m  [["name", "ahemd"], ["email", "ahemd@mail.com"], ["age", 22], ["gender", "male"], ["created_at", "2022-01-24 22:58:30.291626"], ["updated_at", "2022-01-24 22:58:30.291626"], ["phone_number", nil]]
  [1m[36mTRANSACTION (0.9ms)[0m  [1m[36mcommit transaction[0m
  [1m[36mUser Load (0.2ms)[0m  [1m[34mSELECT "users".* FROM "users"[0m
  [1m[36mTRANSACTION (0.6ms)[0m  [1m[36mbegin transaction[0m
  [1m[36mUser Create (1.2ms)[0m  [1m[32mINSERT INTO "users" ("name", "email", "age", "gender", "created_at", "updated_at", "phone_number") VALUES (?, ?, ?, ?, ?, ?, ?)[0m  [["name", "nora"], ["email", nil], ["age", nil], ["gender", nil], ["created_at", "2022-01-25 01:34:50.833674"], ["updated_at", "2022-01-25 01:34:50.833674"], ["phone_number", nil]]
  [1m[36mTRANSACTION (0.9ms)[0m  [1m[36mcommit transaction[0m
  [1m[36mTRANSACTION (0.1ms)[0m  [1m[36mbegin transaction[0m
  [1m[36mUser Create (0.5ms)[0m  [1m[32mINSERT INTO "users" ("name", "email", "age", "gender", "created_at", "updated_at", "phone_number") VALUES (?, ?, ?, ?, ?, ?, ?)[0m  [["name", "faten"], ["email", "faten@mail.com"], ["age", nil], ["gender", nil], ["created_at", "2022-01-25 01:35:16.642374"], ["updated_at", "2022-01-25 01:35:16.642374"], ["phone_number", nil]]
  [1m[36mTRANSACTION (3.4ms)[0m  [1m[36mcommit transaction[0m
  [1m[35m (1.5ms)[0m  [1m[34mSELECT sqlite_version(*)[0m
  [1m[36mActiveRecord::SchemaMigration Pluck (0.4ms)[0m  [1m[34mSELECT "schema_migrations"."version" FROM "schema_migrations" ORDER BY "schema_migrations"."version" ASC[0m
  [1m[36mActiveRecord::SchemaMigration Pluck (0.1ms)[0m  [1m[34mSELECT "schema_migrations"."version" FROM "schema_migrations" ORDER BY "schema_migrations"."version" ASC[0m
  [1m[36mActiveRecord::SchemaMigration Pluck (0.1ms)[0m  [1m[34mSELECT "schema_migrations"."version" FROM "schema_migrations" ORDER BY "schema_migrations"."version" ASC[0m
  [1m[36mActiveRecord::SchemaMigration Pluck (0.1ms)[0m  [1m[34mSELECT "schema_migrations"."version" FROM "schema_migrations" ORDER BY "schema_migrations"."version" ASC[0m
Migrating to UpdateUsersTable (20220124223449)
  [1m[36mTRANSACTION (0.1ms)[0m  [1m[36mbegin transaction[0m
  [1m[35m (0.0ms)[0m  [1m[35mPRAGMA foreign_keys[0m
  [1m[35m (0.1ms)[0m  [1m[35mPRAGMA defer_foreign_keys[0m
  [1m[35m (0.0ms)[0m  [1m[35mPRAGMA defer_foreign_keys = ON[0m
  [1m[35m (0.0ms)[0m  [1m[35mPRAGMA foreign_keys = OFF[0m
  [1m[35m (1.2ms)[0m  [1m[35mCREATE TEMPORARY TABLE "ausers" ("id" integer NOT NULL PRIMARY KEY, "name" varchar DEFAULT NULL, "email" varchar DEFAULT NULL, "age" integer DEFAULT NULL, "gender" varchar DEFAULT NULL, "created_at" datetime(6) NOT NULL, "updated_at" datetime(6) NOT NULL, "phone_number" decimal DEFAULT NULL)[0m
  [1m[35m (0.1ms)[0m  [1m[32mINSERT INTO "ausers" ("id","name","email","age","gender","created_at","updated_at","phone_number")
                     SELECT "id","name","email","age","gender","created_at","updated_at","phone_number" FROM "users"[0m
  [1m[35m (0.6ms)[0m  [1m[35mDROP TABLE "users"[0m
  [1m[35m (0.2ms)[0m  [1m[35mCREATE TABLE "users" ("id" integer NOT NULL PRIMARY KEY, "name" varchar DEFAULT NULL, "email" varchar DEFAULT NULL, "age" integer DEFAULT NULL, "gender" varchar DEFAULT NULL, "created_at" datetime(6) NOT NULL, "updated_at" datetime(6) NOT NULL)[0m
  [1m[35m (0.1ms)[0m  [1m[32mINSERT INTO "users" ("id","name","email","age","gender","created_at","updated_at")
                     SELECT "id","name","email","age","gender","created_at","updated_at" FROM "ausers"[0m
  [1m[35m (0.1ms)[0m  [1m[35mDROP TABLE "ausers"[0m
  [1m[35m (0.0ms)[0m  [1m[35mPRAGMA defer_foreign_keys = 0[0m
  [1m[35m (0.0ms)[0m  [1m[35mPRAGMA foreign_keys = 1[0m
  [1m[36mActiveRecord::SchemaMigration Delete All (0.6ms)[0m  [1m[31mDELETE FROM "schema_migrations" WHERE "schema_migrations"."version" = ?[0m  [["version", "20220124223449"]]
  [1m[36mTRANSACTION (1.3ms)[0m  [1m[36mcommit transaction[0m
  [1m[35m (0.0ms)[0m  [1m[34mSELECT sqlite_version(*)[0m
  [1m[36mActiveRecord::SchemaMigration Pluck (0.2ms)[0m  [1m[34mSELECT "schema_migrations"."version" FROM "schema_migrations" ORDER BY "schema_migrations"."version" ASC[0m
  [1m[36mUser Load (0.5ms)[0m  [1m[34mSELECT "users".* FROM "users"[0m
  [1m[36mUser Load (0.2ms)[0m  [1m[34mSELECT "users".* FROM "users"[0m
  [1m[35m (2.4ms)[0m  [1m[34mSELECT sqlite_version(*)[0m
  [1m[36mActiveRecord::SchemaMigration Pluck (0.2ms)[0m  [1m[34mSELECT "schema_migrations"."version" FROM "schema_migrations" ORDER BY "schema_migrations"."version" ASC[0m
Migrating to UpdateUsersTable (20220124223449)
  [1m[36mTRANSACTION (0.1ms)[0m  [1m[36mbegin transaction[0m
  [1m[35m (1.6ms)[0m  [1m[35mALTER TABLE "users" ADD "phone_number" number[0m
  [1m[36mActiveRecord::SchemaMigration Create (0.2ms)[0m  [1m[32mINSERT INTO "schema_migrations" ("version") VALUES (?)[0m  [["version", "20220124223449"]]
  [1m[36mTRANSACTION (1.1ms)[0m  [1m[36mcommit transaction[0m
Migrating to UpdatePostsTable (20220125013909)
  [1m[36mTRANSACTION (0.1ms)[0m  [1m[36mbegin transaction[0m
  [1m[35m (0.6ms)[0m  [1m[35mALTER TABLE "posts" ADD "status" varchar[0m
  [1m[36mActiveRecord::SchemaMigration Create (0.2ms)[0m  [1m[32mINSERT INTO "schema_migrations" ("version") VALUES (?)[0m  [["version", "20220125013909"]]
  [1m[36mTRANSACTION (0.9ms)[0m  [1m[36mcommit transaction[0m
  [1m[36mActiveRecord::InternalMetadata Load (0.8ms)[0m  [1m[34mSELECT "ar_internal_metadata".* FROM "ar_internal_metadata" WHERE "ar_internal_metadata"."key" = ? LIMIT ?[0m  [["key", "environment"], ["LIMIT", 1]]
  [1m[35m (0.1ms)[0m  [1m[34mSELECT sqlite_version(*)[0m
  [1m[36mActiveRecord::SchemaMigration Pluck (0.1ms)[0m  [1m[34mSELECT "schema_migrations"."version" FROM "schema_migrations" ORDER BY "schema_migrations"."version" ASC[0m
  [1m[35m (0.9ms)[0m  [1m[34mSELECT sqlite_version(*)[0m
  [1m[36mUser Load (0.2ms)[0m  [1m[34mSELECT "users".* FROM "users"[0m
Started GET "/" for 127.0.0.1 at 2022-01-25 04:48:29 +0300
  [1m[35m (11.1ms)[0m  [1m[34mSELECT sqlite_version(*)[0m
  [1m[36mActiveRecord::SchemaMigration Pluck (0.2ms)[0m  [1m[34mSELECT "schema_migrations"."version" FROM "schema_migrations" ORDER BY "schema_migrations"."version" ASC[0m
Processing by Rails::WelcomeController#index as HTML
  Rendering /Users/almaha/.rvm/rubies/ruby-3.0.0/lib/ruby/gems/3.0.0/gems/railties-7.0.1/lib/rails/templates/rails/welcome/index.html.erb
  Rendered /Users/almaha/.rvm/rubies/ruby-3.0.0/lib/ruby/gems/3.0.0/gems/railties-7.0.1/lib/rails/templates/rails/welcome/index.html.erb (Duration: 3.5ms | Allocations: 730)
Completed 200 OK in 39ms (Views: 12.6ms | ActiveRecord: 0.0ms | Allocations: 7062)


Started GET "/users" for 127.0.0.1 at 2022-01-25 04:48:39 +0300
Processing by UsersController#index as HTML
  Rendering layout layouts/application.html.erb
  Rendering users/index.html.erb within layouts/application
  [1m[36mUser Load (0.2ms)[0m  [1m[34mSELECT "users".* FROM "users"[0m
  ↳ app/views/users/index.html.erb:6
  Rendered users/_user.html.erb (Duration: 1.4ms | Allocations: 286)
  Rendered users/_user.html.erb (Duration: 0.1ms | Allocations: 26)
  Rendered users/_user.html.erb (Duration: 0.1ms | Allocations: 20)
  Rendered users/_user.html.erb (Duration: 0.1ms | Allocations: 22)
  Rendered users/index.html.erb within layouts/application (Duration: 35.8ms | Allocations: 8337)
  Rendered layout layouts/application.html.erb (Duration: 380.7ms | Allocations: 101884)
Completed 200 OK in 393ms (Views: 384.5ms | ActiveRecord: 1.8ms | Allocations: 103665)


Started GET "/users/1" for 127.0.0.1 at 2022-01-25 04:49:13 +0300
Processing by UsersController#show as HTML
  Parameters: {"id"=>"1"}
  [1m[36mUser Load (0.2ms)[0m  [1m[34mSELECT "users".* FROM "users" WHERE "users"."id" = ? LIMIT ?[0m  [["id", 1], ["LIMIT", 1]]
  ↳ app/controllers/users_controller.rb:63:in `set_user'
  Rendering layout layouts/application.html.erb
  Rendering users/show.html.erb within layouts/application
  Rendered users/_user.html.erb (Duration: 0.1ms | Allocations: 27)
  Rendered users/show.html.erb within layouts/application (Duration: 5.5ms | Allocations: 805)
  Rendered layout layouts/application.html.erb (Duration: 10.0ms | Allocations: 2891)
Completed 200 OK in 23ms (Views: 11.6ms | ActiveRecord: 0.2ms | Allocations: 8013)


Started GET "/users/1/edit" for 127.0.0.1 at 2022-01-25 04:49:20 +0300
Processing by UsersController#edit as HTML
  Parameters: {"id"=>"1"}
  [1m[36mUser Load (0.1ms)[0m  [1m[34mSELECT "users".* FROM "users" WHERE "users"."id" = ? LIMIT ?[0m  [["id", 1], ["LIMIT", 1]]
  ↳ app/controllers/users_controller.rb:63:in `set_user'
  Rendering layout layouts/application.html.erb
  Rendering users/edit.html.erb within layouts/application
  Rendered users/_form.html.erb (Duration: 49.0ms | Allocations: 5911)
  Rendered users/edit.html.erb within layouts/application (Duration: 54.9ms | Allocations: 6271)
  Rendered layout layouts/application.html.erb (Duration: 60.6ms | Allocations: 8355)
Completed 200 OK in 64ms (Views: 61.6ms | ActiveRecord: 0.1ms | Allocations: 9191)


Started PATCH "/users/1" for 127.0.0.1 at 2022-01-25 04:49:28 +0300
Processing by UsersController#update as TURBO_STREAM
  Parameters: {"authenticity_token"=>"[FILTERED]", "user"=>{"name"=>"almaha", "email"=>"almaha@mail.com", "age"=>"23", "gender"=>"female"}, "commit"=>"Update User", "id"=>"1"}
  [1m[36mUser Load (0.1ms)[0m  [1m[34mSELECT "users".* FROM "users" WHERE "users"."id" = ? LIMIT ?[0m  [["id", 1], ["LIMIT", 1]]
  ↳ app/controllers/users_controller.rb:63:in `set_user'
  [1m[36mTRANSACTION (0.1ms)[0m  [1m[36mbegin transaction[0m
  ↳ app/controllers/users_controller.rb:40:in `block in update'
  [1m[36mUser Update (0.4ms)[0m  [1m[33mUPDATE "users" SET "age" = ?, "updated_at" = ? WHERE "users"."id" = ?[0m  [["age", 23], ["updated_at", "2022-01-25 01:49:28.455672"], ["id", 1]]
  ↳ app/controllers/users_controller.rb:40:in `block in update'
  [1m[36mTRANSACTION (2.3ms)[0m  [1m[36mcommit transaction[0m
  ↳ app/controllers/users_controller.rb:40:in `block in update'
Redirected to http://127.0.0.1:3000/users/1
Completed 302 Found in 10ms (ActiveRecord: 2.9ms | Allocations: 3895)


Started GET "/users/1" for 127.0.0.1 at 2022-01-25 04:49:28 +0300
Processing by UsersController#show as TURBO_STREAM
  Parameters: {"id"=>"1"}
  [1m[36mUser Load (0.1ms)[0m  [1m[34mSELECT "users".* FROM "users" WHERE "users"."id" = ? LIMIT ?[0m  [["id", 1], ["LIMIT", 1]]
  ↳ app/controllers/users_controller.rb:63:in `set_user'
  Rendering layout layouts/application.html.erb
  Rendering users/show.html.erb within layouts/application
  Rendered users/_user.html.erb (Duration: 0.6ms | Allocations: 27)
  Rendered users/show.html.erb within layouts/application (Duration: 1.9ms | Allocations: 586)
  Rendered layout layouts/application.html.erb (Duration: 5.0ms | Allocations: 2671)
Completed 200 OK in 7ms (Views: 5.6ms | ActiveRecord: 0.1ms | Allocations: 3504)


Started GET "/users" for 127.0.0.1 at 2022-01-25 04:49:40 +0300
Processing by UsersController#index as HTML
  Rendering layout layouts/application.html.erb
  Rendering users/index.html.erb within layouts/application
  [1m[36mUser Load (0.2ms)[0m  [1m[34mSELECT "users".* FROM "users"[0m
  ↳ app/views/users/index.html.erb:6
  Rendered users/_user.html.erb (Duration: 0.1ms | Allocations: 27)
  Rendered users/_user.html.erb (Duration: 0.1ms | Allocations: 26)
  Rendered users/_user.html.erb (Duration: 0.1ms | Allocations: 20)
  Rendered users/_user.html.erb (Duration: 0.1ms | Allocations: 22)
  Rendered users/index.html.erb within layouts/application (Duration: 4.7ms | Allocations: 1298)
  Rendered layout layouts/application.html.erb (Duration: 20.6ms | Allocations: 3404)
Completed 200 OK in 22ms (Views: 21.0ms | ActiveRecord: 0.2ms | Allocations: 3747)


Started GET "/users/4" for 127.0.0.1 at 2022-01-25 04:49:44 +0300
Processing by UsersController#show as HTML
  Parameters: {"id"=>"4"}
  [1m[36mUser Load (0.2ms)[0m  [1m[34mSELECT "users".* FROM "users" WHERE "users"."id" = ? LIMIT ?[0m  [["id", 4], ["LIMIT", 1]]
  ↳ app/controllers/users_controller.rb:63:in `set_user'
  Rendering layout layouts/application.html.erb
  Rendering users/show.html.erb within layouts/application
  Rendered users/_user.html.erb (Duration: 0.2ms | Allocations: 23)
  Rendered users/show.html.erb within layouts/application (Duration: 2.3ms | Allocations: 524)
  Rendered layout layouts/application.html.erb (Duration: 10.7ms | Allocations: 2608)
Completed 200 OK in 14ms (Views: 11.7ms | ActiveRecord: 0.2ms | Allocations: 3386)


Started GET "/users/4/edit" for 127.0.0.1 at 2022-01-25 04:49:52 +0300
Processing by UsersController#edit as HTML
  Parameters: {"id"=>"4"}
  [1m[36mUser Load (0.2ms)[0m  [1m[34mSELECT "users".* FROM "users" WHERE "users"."id" = ? LIMIT ?[0m  [["id", 4], ["LIMIT", 1]]
  ↳ app/controllers/users_controller.rb:63:in `set_user'
  Rendering layout layouts/application.html.erb
  Rendering users/edit.html.erb within layouts/application
  Rendered users/_form.html.erb (Duration: 5.1ms | Allocations: 1241)
  Rendered users/edit.html.erb within layouts/application (Duration: 5.7ms | Allocations: 1361)
  Rendered layout layouts/application.html.erb (Duration: 11.7ms | Allocations: 3445)
Completed 200 OK in 16ms (Views: 13.2ms | ActiveRecord: 0.2ms | Allocations: 4223)


Started GET "/users" for 127.0.0.1 at 2022-01-25 04:49:54 +0300
Processing by UsersController#index as HTML
  Rendering layout layouts/application.html.erb
  Rendering users/index.html.erb within layouts/application
  [1m[36mUser Load (0.4ms)[0m  [1m[34mSELECT "users".* FROM "users"[0m
  ↳ app/views/users/index.html.erb:6
  Rendered users/_user.html.erb (Duration: 0.3ms | Allocations: 27)
  Rendered users/_user.html.erb (Duration: 0.1ms | Allocations: 26)
  Rendered users/_user.html.erb (Duration: 0.0ms | Allocations: 20)
  Rendered users/_user.html.erb (Duration: 0.0ms | Allocations: 22)
  Rendered users/index.html.erb within layouts/application (Duration: 5.8ms | Allocations: 1296)
  Rendered layout layouts/application.html.erb (Duration: 12.0ms | Allocations: 3401)
Completed 200 OK in 14ms (Views: 12.6ms | ActiveRecord: 0.4ms | Allocations: 3736)


Started GET "/users/new" for 127.0.0.1 at 2022-01-25 04:49:55 +0300
Processing by UsersController#new as HTML
  Rendering layout layouts/application.html.erb
  Rendering users/new.html.erb within layouts/application
  Rendered users/_form.html.erb (Duration: 3.0ms | Allocations: 1234)
  Rendered users/new.html.erb within layouts/application (Duration: 6.9ms | Allocations: 1485)
  Rendered layout layouts/application.html.erb (Duration: 12.2ms | Allocations: 3577)
Completed 200 OK in 15ms (Views: 13.2ms | ActiveRecord: 0.0ms | Allocations: 3998)


Started POST "/users" for 127.0.0.1 at 2022-01-25 04:50:18 +0300
Processing by UsersController#create as TURBO_STREAM
  Parameters: {"authenticity_token"=>"[FILTERED]", "user"=>{"name"=>"abdullah", "email"=>"abdullah@mail.com", "age"=>"23", "gender"=>"male"}, "commit"=>"Create User"}
  [1m[36mTRANSACTION (0.1ms)[0m  [1m[36mbegin transaction[0m
  ↳ app/controllers/users_controller.rb:27:in `block in create'
  [1m[36mUser Create (0.8ms)[0m  [1m[32mINSERT INTO "users" ("name", "email", "age", "gender", "created_at", "updated_at", "phone_number") VALUES (?, ?, ?, ?, ?, ?, ?)[0m  [["name", "abdullah"], ["email", "abdullah@mail.com"], ["age", 23], ["gender", "male"], ["created_at", "2022-01-25 01:50:18.864830"], ["updated_at", "2022-01-25 01:50:18.864830"], ["phone_number", nil]]
  ↳ app/controllers/users_controller.rb:27:in `block in create'
  [1m[36mTRANSACTION (2.5ms)[0m  [1m[36mcommit transaction[0m
  ↳ app/controllers/users_controller.rb:27:in `block in create'
Redirected to http://127.0.0.1:3000/users/5
Completed 302 Found in 10ms (ActiveRecord: 3.3ms | Allocations: 2859)


Started GET "/users/5" for 127.0.0.1 at 2022-01-25 04:50:18 +0300
Processing by UsersController#show as TURBO_STREAM
  Parameters: {"id"=>"5"}
  [1m[36mUser Load (0.1ms)[0m  [1m[34mSELECT "users".* FROM "users" WHERE "users"."id" = ? LIMIT ?[0m  [["id", 5], ["LIMIT", 1]]
  ↳ app/controllers/users_controller.rb:63:in `set_user'
  Rendering layout layouts/application.html.erb
  Rendering users/show.html.erb within layouts/application
  Rendered users/_user.html.erb (Duration: 0.1ms | Allocations: 27)
  Rendered users/show.html.erb within layouts/application (Duration: 1.1ms | Allocations: 535)
  Rendered layout layouts/application.html.erb (Duration: 4.7ms | Allocations: 2619)
Completed 200 OK in 7ms (Views: 5.2ms | ActiveRecord: 0.1ms | Allocations: 3401)


Started DELETE "/users/5" for 127.0.0.1 at 2022-01-25 04:50:36 +0300
Processing by UsersController#destroy as TURBO_STREAM
  Parameters: {"authenticity_token"=>"[FILTERED]", "id"=>"5"}
  [1m[36mUser Load (0.2ms)[0m  [1m[34mSELECT "users".* FROM "users" WHERE "users"."id" = ? LIMIT ?[0m  [["id", 5], ["LIMIT", 1]]
  ↳ app/controllers/users_controller.rb:63:in `set_user'
  [1m[36mTRANSACTION (0.1ms)[0m  [1m[36mbegin transaction[0m
  ↳ app/controllers/users_controller.rb:52:in `destroy'
  [1m[36mUser Destroy (0.4ms)[0m  [1m[31mDELETE FROM "users" WHERE "users"."id" = ?[0m  [["id", 5]]
  ↳ app/controllers/users_controller.rb:52:in `destroy'
  [1m[36mTRANSACTION (0.7ms)[0m  [1m[36mcommit transaction[0m
  ↳ app/controllers/users_controller.rb:52:in `destroy'
Redirected to http://127.0.0.1:3000/users
Completed 302 Found in 7ms (ActiveRecord: 1.3ms | Allocations: 2380)


Started GET "/users" for 127.0.0.1 at 2022-01-25 04:50:36 +0300
Processing by UsersController#index as TURBO_STREAM
  Rendering layout layouts/application.html.erb
  Rendering users/index.html.erb within layouts/application
  [1m[36mUser Load (0.1ms)[0m  [1m[34mSELECT "users".* FROM "users"[0m
  ↳ app/views/users/index.html.erb:6
  Rendered users/_user.html.erb (Duration: 0.1ms | Allocations: 27)
  Rendered users/_user.html.erb (Duration: 0.1ms | Allocations: 26)
  Rendered users/_user.html.erb (Duration: 0.1ms | Allocations: 20)
  Rendered users/_user.html.erb (Duration: 0.0ms | Allocations: 22)
  Rendered users/index.html.erb within layouts/application (Duration: 3.3ms | Allocations: 1323)
  Rendered layout layouts/application.html.erb (Duration: 9.0ms | Allocations: 3428)
Completed 200 OK in 11ms (Views: 9.8ms | ActiveRecord: 0.1ms | Allocations: 3766)


  [1m[36mUser Load (0.2ms)[0m  [1m[34mSELECT "users".* FROM "users" WHERE "users"."name" = ? LIMIT ?[0m  [["name", "faten"], ["LIMIT", 1]]
  [1m[36mUser Load (0.2ms)[0m  [1m[34mSELECT "users".* FROM "users" WHERE "users"."age" = ? LIMIT ?[0m  [["age", 23], ["LIMIT", 1]]
  [1m[36mUser Load (0.2ms)[0m  [1m[34mSELECT "users".* FROM "users" WHERE "users"."age" = ? LIMIT ?[0m  [["age", 22], ["LIMIT", 1]]
  [1m[36mUser Load (0.2ms)[0m  [1m[34mSELECT "users".* FROM "users" WHERE "users"."age" = ? LIMIT ?[0m  [["age", 20], ["LIMIT", 1]]
  [1m[36mUser Load (0.2ms)[0m  [1m[34mSELECT "users".* FROM "users" WHERE "users"."email" = ?[0m  [["email", "faten@mail.com"]]
  [1m[36mTRANSACTION (0.1ms)[0m  [1m[36mbegin transaction[0m
  [1m[36mUser Destroy (0.5ms)[0m  [1m[31mDELETE FROM "users" WHERE "users"."id" = ?[0m  [["id", 4]]
  [1m[36mTRANSACTION (3.1ms)[0m  [1m[36mcommit transaction[0m
  [1m[36mUser Load (0.2ms)[0m  [1m[34mSELECT "users".* FROM "users"[0m
  [1m[36mTRANSACTION (0.1ms)[0m  [1m[36mbegin transaction[0m
  [1m[36mUser Create (0.7ms)[0m  [1m[32mINSERT INTO "users" ("name", "email", "age", "gender", "created_at", "updated_at", "phone_number") VALUES (?, ?, ?, ?, ?, ?, ?)[0m  [["name", "faten"], ["email", "faten@mail.com"], ["age", nil], ["gender", nil], ["created_at", "2022-01-25 02:00:57.172927"], ["updated_at", "2022-01-25 02:00:57.172927"], ["phone_number", nil]]
  [1m[36mTRANSACTION (1.3ms)[0m  [1m[36mcommit transaction[0m
  [1m[36mUser Load (0.2ms)[0m  [1m[34mSELECT "users".* FROM "users" WHERE "users"."email" = ?[0m  [["email", "faten@mail.com"]]
  [1m[36mTRANSACTION (0.1ms)[0m  [1m[36mbegin transaction[0m
  [1m[36mUser Destroy (0.3ms)[0m  [1m[31mDELETE FROM "users" WHERE "users"."id" = ?[0m  [["id", 4]]
  [1m[36mTRANSACTION (0.8ms)[0m  [1m[36mcommit transaction[0m
  [1m[36mUser Load (0.2ms)[0m  [1m[34mSELECT "users".* FROM "users"[0m
  [1m[35m (2.0ms)[0m  [1m[34mSELECT sqlite_version(*)[0m
  [1m[36mPost Load (0.2ms)[0m  [1m[34mSELECT "posts".* FROM "posts"[0m
  [1m[36mTRANSACTION (0.1ms)[0m  [1m[36mbegin transaction[0m
  [1m[36mPost Create (0.5ms)[0m  [1m[32mINSERT INTO "posts" ("title", "description", "created_at", "updated_at", "status") VALUES (?, ?, ?, ?, ?)[0m  [["title", "harry potter"], ["description", "book"], ["created_at", "2022-01-25 02:03:56.124917"], ["updated_at", "2022-01-25 02:03:56.124917"], ["status", nil]]
  [1m[36mTRANSACTION (1.0ms)[0m  [1m[36mcommit transaction[0m
  [1m[36mTRANSACTION (0.0ms)[0m  [1m[36mbegin transaction[0m
  [1m[36mPost Create (0.5ms)[0m  [1m[32mINSERT INTO "posts" ("title", "description", "created_at", "updated_at", "status") VALUES (?, ?, ?, ?, ?)[0m  [["title", "lord of the rings"], ["description", "book"], ["created_at", "2022-01-25 02:04:40.564840"], ["updated_at", "2022-01-25 02:04:40.564840"], ["status", "sold"]]
  [1m[36mTRANSACTION (1.0ms)[0m  [1m[36mcommit transaction[0m
  [1m[36mPost Load (0.2ms)[0m  [1m[34mSELECT "posts".* FROM "posts"[0m
  [1m[36mPost Load (0.2ms)[0m  [1m[34mSELECT "posts".* FROM "posts"[0m
  [1m[36mTRANSACTION (0.1ms)[0m  [1m[36mbegin transaction[0m
  [1m[36mPost Update (0.7ms)[0m  [1m[33mUPDATE "posts" SET "updated_at" = ?, "status" = ? WHERE "posts"."id" = ?[0m  [["updated_at", "2022-01-25 02:06:23.730123"], ["status", "available"], ["id", 1]]
  [1m[36mTRANSACTION (1.3ms)[0m  [1m[36mcommit transaction[0m
  [1m[36mTRANSACTION (0.1ms)[0m  [1m[36mbegin transaction[0m
  [1m[36mPost Update (0.4ms)[0m  [1m[33mUPDATE "posts" SET "updated_at" = ?, "status" = ? WHERE "posts"."id" = ?[0m  [["updated_at", "2022-01-25 02:06:23.743951"], ["status", "available"], ["id", 2]]
  [1m[36mTRANSACTION (5.8ms)[0m  [1m[36mcommit transaction[0m
  [1m[36mPost Load (0.2ms)[0m  [1m[34mSELECT "posts".* FROM "posts" WHERE "posts"."title" = ?[0m  [["title", "harry potter"]]
  [1m[36mTRANSACTION (0.1ms)[0m  [1m[36mbegin transaction[0m
  [1m[36mPost Destroy (0.5ms)[0m  [1m[31mDELETE FROM "posts" WHERE "posts"."id" = ?[0m  [["id", 1]]
  [1m[36mTRANSACTION (1.0ms)[0m  [1m[36mcommit transaction[0m
  [1m[36mPost Load (0.2ms)[0m  [1m[34mSELECT "posts".* FROM "posts"[0m
Started GET "/post" for 127.0.0.1 at 2022-01-25 05:08:56 +0300
  
ActionController::RoutingError (No route matches [GET] "/post"):
  
Started GET "/posts" for 127.0.0.1 at 2022-01-25 05:09:01 +0300
Processing by PostsController#index as HTML
  Rendering layout layouts/application.html.erb
  Rendering posts/index.html.erb within layouts/application
  [1m[35m (0.2ms)[0m  [1m[34mSELECT sqlite_version(*)[0m
  ↳ app/views/posts/index.html.erb:6
  [1m[36mPost Load (0.4ms)[0m  [1m[34mSELECT "posts".* FROM "posts"[0m
  ↳ app/views/posts/index.html.erb:6
  Rendered posts/_post.html.erb (Duration: 1.1ms | Allocations: 208)
  Rendered posts/index.html.erb within layouts/application (Duration: 22.6ms | Allocations: 5545)
  Rendered layout layouts/application.html.erb (Duration: 32.7ms | Allocations: 7741)
Completed 200 OK in 41ms (Views: 35.0ms | ActiveRecord: 1.8ms | Allocations: 9042)


Started GET "/posts/2" for 127.0.0.1 at 2022-01-25 05:09:14 +0300
Processing by PostsController#show as HTML
  Parameters: {"id"=>"2"}
  [1m[36mPost Load (0.2ms)[0m  [1m[34mSELECT "posts".* FROM "posts" WHERE "posts"."id" = ? LIMIT ?[0m  [["id", 2], ["LIMIT", 1]]
  ↳ app/controllers/posts_controller.rb:63:in `set_post'
  Rendering layout layouts/application.html.erb
  Rendering posts/show.html.erb within layouts/application
  Rendered posts/_post.html.erb (Duration: 0.1ms | Allocations: 23)
  Rendered posts/show.html.erb within layouts/application (Duration: 7.9ms | Allocations: 744)
  Rendered layout layouts/application.html.erb (Duration: 12.7ms | Allocations: 2829)
Completed 200 OK in 22ms (Views: 13.7ms | ActiveRecord: 0.2ms | Allocations: 4278)


  [1m[36mUser Load (0.5ms)[0m  [1m[34mSELECT "users".* FROM "users"[0m
  [1m[36mTRANSACTION (0.2ms)[0m  [1m[36mbegin transaction[0m
  [1m[36mUser Update (0.5ms)[0m  [1m[33mUPDATE "users" SET "age" = ?, "updated_at" = ? WHERE "users"."id" = ?[0m  [["age", 23], ["updated_at", "2022-01-25 02:20:53.031864"], ["id", 2]]
  [1m[36mTRANSACTION (1.9ms)[0m  [1m[36mcommit transaction[0m
  [1m[36mTRANSACTION (0.1ms)[0m  [1m[36mbegin transaction[0m
  [1m[36mUser Update (0.4ms)[0m  [1m[33mUPDATE "users" SET "age" = ?, "updated_at" = ? WHERE "users"."id" = ?[0m  [["age", 23], ["updated_at", "2022-01-25 02:20:53.037695"], ["id", 3]]
  [1m[36mTRANSACTION (0.7ms)[0m  [1m[36mcommit transaction[0m
